<?xml version="1.0" encoding="UTF-8"?>
<testng-results ignored="0" total="1" passed="1" failed="0" skipped="0">
  <reporter-output>
  </reporter-output>
  <suite started-at="2021-05-22T12:44:04 IST" name="Default suite" finished-at="2021-05-22T12:44:17 IST" duration-ms="13259">
    <groups>
    </groups>
    <test started-at="2021-05-22T12:44:04 IST" name="Default test" finished-at="2021-05-22T12:44:17 IST" duration-ms="13259">
      <class name="TestNG_Demo">
        <test-method is-config="true" signature="setup()[pri:0, instance:TestNG_Demo@20ce78ec]" started-at="2021-05-22T12:44:04 IST" name="setup" finished-at="2021-05-22T12:44:08 IST" duration-ms="3750" status="PASS">
          <reporter-output>
          </reporter-output>
        </test-method> <!-- setup -->
        <test-method signature="test()[pri:0, instance:TestNG_Demo@20ce78ec]" started-at="2021-05-22T12:44:08 IST" name="test" finished-at="2021-05-22T12:44:13 IST" duration-ms="5139" status="PASS">
          <reporter-output>
          </reporter-output>
        </test-method> <!-- test -->
        <test-method is-config="true" signature="tearDownTest()[pri:0, instance:TestNG_Demo@20ce78ec]" started-at="2021-05-22T12:44:13 IST" name="tearDownTest" finished-at="2021-05-22T12:44:17 IST" duration-ms="4313" status="PASS">
          <reporter-output>
          </reporter-output>
        </test-method> <!-- tearDownTest -->
      </class> <!-- TestNG_Demo -->
    </test> <!-- Default test -->
  </suite> <!-- Default suite -->
</testng-results>
